<?xml version="1.0" encoding="UTF-8" ?>
<testsuite tests="4" failures="0" name="ec.edu.epn.git.practica6.CalculatorTest" time="0" errors="0" skipped="0">
  <properties>
[...]
</properties>
  <testcase classname="ec.edu.epn.git.practica6.CalculatorTest" name="dado_dos_enteros_dividir_entonces_excepcion" time="0"/>
  <testcase classname="ec.edu.epn.git.practica6.CalculatorTest" name="dado_dos_enteros_restar" time="0"/>
  <testcase classname="ec.edu.epn.git.practica6.CalculatorTest" name="dado_dos_enteros_cuando_la_suma_ok" time="0"/>
  <testcase classname="ec.edu.epn.git.practica6.CalculatorTest" name="dado_dos_enteros_multiplicar" time="0"/>
</testsuite>